<?xml version="1.0" encoding="UTF-8"?>
<testng-results ignored="0" total="1" passed="1" failed="0" skipped="0">
  <reporter-output>
  </reporter-output>
  <suite started-at="2020-10-01T23:41:19 IST" name="Default suite" finished-at="2020-10-01T23:41:47 IST" duration-ms="27848">
    <groups>
    </groups>
    <test started-at="2020-10-01T23:41:19 IST" name="Default test" finished-at="2020-10-01T23:41:47 IST" duration-ms="27848">
      <class name="GmailRegister">
        <test-method is-config="true" signature="launchbrowser()[pri:0, instance:GmailRegister@5db250b4]" started-at="2020-10-01T23:41:19 IST" name="launchbrowser" finished-at="2020-10-01T23:41:30 IST" duration-ms="10202" status="PASS">
          <reporter-output>
          </reporter-output>
        </test-method> <!-- launchbrowser -->
        <test-method signature="naukrilaunch()[pri:0, instance:GmailRegister@5db250b4]" started-at="2020-10-01T23:41:30 IST" name="naukrilaunch" finished-at="2020-10-01T23:41:46 IST" duration-ms="15923" status="PASS">
          <reporter-output>
          </reporter-output>
        </test-method> <!-- naukrilaunch -->
        <test-method is-config="true" signature="close()[pri:0, instance:GmailRegister@5db250b4]" started-at="2020-10-01T23:41:46 IST" name="close" finished-at="2020-10-01T23:41:47 IST" duration-ms="1674" status="PASS">
          <reporter-output>
          </reporter-output>
        </test-method> <!-- close -->
      </class> <!-- GmailRegister -->
    </test> <!-- Default test -->
  </suite> <!-- Default suite -->
</testng-results>
