<?xml version="1.0" encoding="UTF-8"?>
<testng-results ignored="0" total="2" passed="2" failed="0" skipped="0">
  <reporter-output>
  </reporter-output>
  <suite started-at="2020-10-02T00:20:30 IST" name="Default suite" finished-at="2020-10-02T00:21:25 IST" duration-ms="55030">
    <groups>
    </groups>
    <test started-at="2020-10-02T00:20:30 IST" name="Default test" finished-at="2020-10-02T00:21:25 IST" duration-ms="55030">
      <class name="GmailRegister">
        <test-method is-config="true" signature="launchbrowser()[pri:0, instance:GmailRegister@223f3642]" started-at="2020-10-02T00:20:30 IST" name="launchbrowser" finished-at="2020-10-02T00:20:42 IST" duration-ms="11652" status="PASS">
          <reporter-output>
          </reporter-output>
        </test-method> <!-- launchbrowser -->
        <test-method signature="naukrilaunch()[pri:0, instance:GmailRegister@223f3642]" started-at="2020-10-02T00:20:42 IST" name="naukrilaunch" finished-at="2020-10-02T00:20:49 IST" duration-ms="7526" status="PASS">
          <reporter-output>
          </reporter-output>
        </test-method> <!-- naukrilaunch -->
        <test-method signature="notlogin()[pri:0, instance:GmailRegister@223f3642]" started-at="2020-10-02T00:20:49 IST" name="notlogin" finished-at="2020-10-02T00:21:24 IST" duration-ms="34855" status="PASS">
          <reporter-output>
          </reporter-output>
        </test-method> <!-- notlogin -->
        <test-method is-config="true" signature="close()[pri:0, instance:GmailRegister@223f3642]" started-at="2020-10-02T00:21:24 IST" name="close" finished-at="2020-10-02T00:21:25 IST" duration-ms="935" status="PASS">
          <reporter-output>
          </reporter-output>
        </test-method> <!-- close -->
      </class> <!-- GmailRegister -->
    </test> <!-- Default test -->
  </suite> <!-- Default suite -->
</testng-results>
